This file contains any messages produced by compilers while
running configure, to aid debugging if configure makes a mistake.

It was created by X8math configure 0.3, which was
generated by GNU Autoconf 2.67.  Invocation command line was

  $ ./configure 

## --------- ##
## Platform. ##
## --------- ##

hostname = K0HAX
uname -m = x86_64
uname -r = 2.6.38-8-generic
uname -s = Linux
uname -v = #42-Ubuntu SMP Mon Apr 11 03:31:24 UTC 2011

/usr/bin/uname -p = unknown
/bin/uname -X     = unknown

/bin/arch              = unknown
/usr/bin/arch -k       = unknown
/usr/convex/getsysinfo = unknown
/usr/bin/hostinfo      = unknown
/bin/machine           = unknown
/usr/bin/oslevel       = unknown
/bin/universe          = unknown

PATH: /usr/local/sbin
PATH: /usr/local/bin
PATH: /usr/sbin
PATH: /usr/bin
PATH: /sbin
PATH: /bin
PATH: /usr/games


## ----------- ##
## Core tests. ##
## ----------- ##

configure:1797: checking for a BSD-compatible install
configure:1865: result: /usr/bin/install -c
configure:1876: checking whether build environment is sane
configure:1926: result: yes
configure:2067: checking for a thread-safe mkdir -p
configure:2106: result: /bin/mkdir -p
configure:2119: checking for gawk
configure:2135: found /usr/bin/gawk
configure:2146: result: gawk
configure:2157: checking whether make sets $(MAKE)
configure:2179: result: yes
configure:2312: checking for gcc
configure:2328: found /usr/bin/gcc
configure:2339: result: gcc
configure:2568: checking for C compiler version
configure:2577: gcc --version >&5
gcc (Ubuntu/Linaro 4.5.2-8ubuntu4) 4.5.2
Copyright (C) 2010 Free Software Foundation, Inc.
This is free software; see the source for copying conditions.  There is NO
warranty; not even for MERCHANTABILITY or FITNESS FOR A PARTICULAR PURPOSE.

configure:2588: $? = 0
configure:2577: gcc -v >&5
Using built-in specs.
COLLECT_GCC=gcc
COLLECT_LTO_WRAPPER=/usr/lib/x86_64-linux-gnu/gcc/x86_64-linux-gnu/4.5.2/lto-wrapper
Target: x86_64-linux-gnu
Configured with: ../src/configure -v --with-pkgversion='Ubuntu/Linaro 4.5.2-8ubuntu4' --with-bugurl=file:///usr/share/doc/gcc-4.5/README.Bugs --enable-languages=c,c++,fortran,objc,obj-c++ --prefix=/usr --program-suffix=-4.5 --enable-shared --enable-multiarch --with-multiarch-defaults=x86_64-linux-gnu --enable-linker-build-id --with-system-zlib --libexecdir=/usr/lib/x86_64-linux-gnu --without-included-gettext --enable-threads=posix --with-gxx-include-dir=/usr/include/c++/4.5 --libdir=/usr/lib/x86_64-linux-gnu --enable-nls --with-sysroot=/ --enable-clocale=gnu --enable-libstdcxx-debug --enable-libstdcxx-time=yes --enable-plugin --enable-gold --enable-ld=default --with-plugin-ld=ld.gold --enable-objc-gc --disable-werror --with-arch-32=i686 --with-tune=generic --enable-checking=release --build=x86_64-linux-gnu --host=x86_64-linux-gnu --target=x86_64-linux-gnu
Thread model: posix
gcc version 4.5.2 (Ubuntu/Linaro 4.5.2-8ubuntu4) 
configure:2588: $? = 0
configure:2577: gcc -V >&5
gcc: '-V' option must have argument
configure:2588: $? = 1
configure:2577: gcc -qversion >&5
gcc: unrecognized option '-qversion'
gcc: no input files
configure:2588: $? = 1
configure:2608: checking whether the C compiler works
configure:2630: gcc    conftest.c  >&5
configure:2634: $? = 0
configure:2682: result: yes
configure:2685: checking for C compiler default output file name
configure:2687: result: a.out
configure:2693: checking for suffix of executables
configure:2700: gcc -o conftest    conftest.c  >&5
configure:2704: $? = 0
configure:2726: result: 
configure:2748: checking whether we are cross compiling
configure:2756: gcc -o conftest    conftest.c  >&5
configure:2760: $? = 0
configure:2767: ./conftest
configure:2771: $? = 0
configure:2786: result: no
configure:2791: checking for suffix of object files
configure:2813: gcc -c   conftest.c >&5
configure:2817: $? = 0
configure:2838: result: o
configure:2842: checking whether we are using the GNU C compiler
configure:2861: gcc -c   conftest.c >&5
configure:2861: $? = 0
configure:2870: result: yes
configure:2879: checking whether gcc accepts -g
configure:2899: gcc -c -g  conftest.c >&5
configure:2899: $? = 0
configure:2940: result: yes
configure:2957: checking for gcc option to accept ISO C89
configure:3021: gcc  -c -g -O2  conftest.c >&5
configure:3021: $? = 0
configure:3034: result: none needed
configure:3065: checking for style of include used by make
configure:3093: result: GNU
configure:3118: checking dependency style of gcc
configure:3228: result: gcc3
configure:3373: creating ./config.status

## ---------------------- ##
## Running config.status. ##
## ---------------------- ##

This file was extended by X8math config.status 0.3, which was
generated by GNU Autoconf 2.67.  Invocation command line was

  CONFIG_FILES    = 
  CONFIG_HEADERS  = 
  CONFIG_LINKS    = 
  CONFIG_COMMANDS = 
  $ ./config.status 

on K0HAX

config.status:844: creating Makefile
config.status:844: creating src/Makefile
config.status:844: creating src/config.h
config.status:1072: executing depfiles commands

## ---------------- ##
## Cache variables. ##
## ---------------- ##

ac_cv_c_compiler_gnu=yes
ac_cv_env_CC_set=
ac_cv_env_CC_value=
ac_cv_env_CFLAGS_set=
ac_cv_env_CFLAGS_value=
ac_cv_env_CPPFLAGS_set=
ac_cv_env_CPPFLAGS_value=
ac_cv_env_LDFLAGS_set=
ac_cv_env_LDFLAGS_value=
ac_cv_env_LIBS_set=
ac_cv_env_LIBS_value=
ac_cv_env_build_alias_set=
ac_cv_env_build_alias_value=
ac_cv_env_host_alias_set=
ac_cv_env_host_alias_value=
ac_cv_env_target_alias_set=
ac_cv_env_target_alias_value=
ac_cv_objext=o
ac_cv_path_install='/usr/bin/install -c'
ac_cv_path_mkdir=/bin/mkdir
ac_cv_prog_AWK=gawk
ac_cv_prog_ac_ct_CC=gcc
ac_cv_prog_cc_c89=
ac_cv_prog_cc_g=yes
ac_cv_prog_make_make_set=yes
am_cv_CC_dependencies_compiler_type=gcc3

## ----------------- ##
## Output variables. ##
## ----------------- ##

ACLOCAL='${SHELL} /home/michael/dev/math/missing --run aclocal-1.11'
AMDEPBACKSLASH='\'
AMDEP_FALSE='#'
AMDEP_TRUE=''
AMTAR='${SHELL} /home/michael/dev/math/missing --run tar'
AUTOCONF='${SHELL} /home/michael/dev/math/missing --run autoconf'
AUTOHEADER='${SHELL} /home/michael/dev/math/missing --run autoheader'
AUTOMAKE='${SHELL} /home/michael/dev/math/missing --run automake-1.11'
AWK='gawk'
CC='gcc'
CCDEPMODE='depmode=gcc3'
CFLAGS='-g -O2'
CPPFLAGS=''
CYGPATH_W='echo'
DEFS='-DHAVE_CONFIG_H'
DEPDIR='.deps'
ECHO_C=''
ECHO_N='-n'
ECHO_T=''
EXEEXT=''
INSTALL_DATA='${INSTALL} -m 644'
INSTALL_PROGRAM='${INSTALL}'
INSTALL_SCRIPT='${INSTALL}'
INSTALL_STRIP_PROGRAM='$(install_sh) -c -s'
LDFLAGS=''
LIBOBJS=''
LIBS=''
LTLIBOBJS=''
MAKEINFO='${SHELL} /home/michael/dev/math/missing --run makeinfo'
MKDIR_P='/bin/mkdir -p'
OBJEXT='o'
PACKAGE='x8math'
PACKAGE_BUGREPORT='michael@xcelor8.com'
PACKAGE_NAME='X8math'
PACKAGE_STRING='X8math 0.3'
PACKAGE_TARNAME='x8math'
PACKAGE_URL=''
PACKAGE_VERSION='0.3'
PATH_SEPARATOR=':'
SET_MAKE=''
SHELL='/bin/bash'
STRIP=''
VERSION='0.3'
ac_ct_CC='gcc'
am__EXEEXT_FALSE=''
am__EXEEXT_TRUE='#'
am__fastdepCC_FALSE='#'
am__fastdepCC_TRUE=''
am__include='include'
am__isrc=''
am__leading_dot='.'
am__quote=''
am__tar='${AMTAR} chof - "$$tardir"'
am__untar='${AMTAR} xf -'
bindir='${exec_prefix}/bin'
build_alias=''
datadir='${datarootdir}'
datarootdir='${prefix}/share'
docdir='${datarootdir}/doc/${PACKAGE_TARNAME}'
dvidir='${docdir}'
exec_prefix='${prefix}'
host_alias=''
htmldir='${docdir}'
includedir='${prefix}/include'
infodir='${datarootdir}/info'
install_sh='${SHELL} /home/michael/dev/math/install-sh'
libdir='${exec_prefix}/lib'
libexecdir='${exec_prefix}/libexec'
localedir='${datarootdir}/locale'
localstatedir='${prefix}/var'
mandir='${datarootdir}/man'
mkdir_p='/bin/mkdir -p'
oldincludedir='/usr/include'
pdfdir='${docdir}'
prefix='/usr/local'
program_transform_name='s,x,x,'
psdir='${docdir}'
sbindir='${exec_prefix}/sbin'
sharedstatedir='${prefix}/com'
sysconfdir='${prefix}/etc'
target_alias=''

## ----------- ##
## confdefs.h. ##
## ----------- ##

/* confdefs.h */
#define PACKAGE_NAME "X8math"
#define PACKAGE_TARNAME "x8math"
#define PACKAGE_VERSION "0.3"
#define PACKAGE_STRING "X8math 0.3"
#define PACKAGE_BUGREPORT "michael@xcelor8.com"
#define PACKAGE_URL ""
#define PACKAGE "x8math"
#define VERSION "0.3"

configure: exit 0
